{"/Users/danilosilva/projects/pixelstoken/expo-env.d.ts": {"path":"/Users/danilosilva/projects/pixelstoken/expo-env.d.ts","statementMap":{},"fnMap":{},"branchMap":{},"s":{},"f":{},"b":{}}
,"/Users/danilosilva/projects/pixelstoken/.expo/types/router.d.ts": {"path":"/Users/danilosilva/projects/pixelstoken/.expo/types/router.d.ts","statementMap":{},"fnMap":{},"branchMap":{},"s":{},"f":{},"b":{}}
,"/Users/danilosilva/projects/pixelstoken/src/app/_layout.tsx": {"path":"/Users/danilosilva/projects/pixelstoken/src/app/_layout.tsx","statementMap":{"0":{"start":{"line":9,"column":0},"end":{"line":9,"column":36}},"1":{"start":{"line":11,"column":33},"end":{"line":13,"column":1}},"2":{"start":{"line":16,"column":19},"end":{"line":19,"column":4}},"3":{"start":{"line":21,"column":2},"end":{"line":25,"column":15}},"4":{"start":{"line":22,"column":4},"end":{"line":24,"column":5}},"5":{"start":{"line":23,"column":6},"end":{"line":23,"column":31}},"6":{"start":{"line":27,"column":2},"end":{"line":27,"column":27}},"7":{"start":{"line":27,"column":15},"end":{"line":27,"column":27}},"8":{"start":{"line":29,"column":2},"end":{"line":34,"column":4}}},"fnMap":{"0":{"name":"RootLayout","decl":{"start":{"line":15,"column":24},"end":{"line":15,"column":34}},"loc":{"start":{"line":15,"column":37},"end":{"line":35,"column":1}},"line":15},"1":{"name":"(anonymous_1)","decl":{"start":{"line":21,"column":12},"end":{"line":21,"column":13}},"loc":{"start":{"line":21,"column":18},"end":{"line":25,"column":3}},"line":21}},"branchMap":{"0":{"loc":{"start":{"line":22,"column":4},"end":{"line":24,"column":5}},"type":"if","locations":[{"start":{"line":22,"column":4},"end":{"line":24,"column":5}},{"start":{},"end":{}}],"line":22},"1":{"loc":{"start":{"line":27,"column":2},"end":{"line":27,"column":27}},"type":"if","locations":[{"start":{"line":27,"column":2},"end":{"line":27,"column":27}},{"start":{},"end":{}}],"line":27}},"s":{"0":0,"1":0,"2":0,"3":0,"4":0,"5":0,"6":0,"7":0,"8":0},"f":{"0":0,"1":0},"b":{"0":[0,0],"1":[0,0]}}
,"/Users/danilosilva/projects/pixelstoken/src/app/cart.tsx": {"path":"/Users/danilosilva/projects/pixelstoken/src/app/cart.tsx","statementMap":{"0":{"start":{"line":8,"column":2},"end":{"line":15,"column":4}}},"fnMap":{"0":{"name":"Cart","decl":{"start":{"line":7,"column":24},"end":{"line":7,"column":28}},"loc":{"start":{"line":7,"column":31},"end":{"line":16,"column":1}},"line":7}},"branchMap":{},"s":{"0":0},"f":{"0":0},"b":{}}
,"/Users/danilosilva/projects/pixelstoken/src/app/(tabs)/_layout.tsx": {"path":"/Users/danilosilva/projects/pixelstoken/src/app/(tabs)/_layout.tsx","statementMap":{"0":{"start":{"line":6,"column":2},"end":{"line":11,"column":4}}},"fnMap":{"0":{"name":"TabLayout","decl":{"start":{"line":5,"column":24},"end":{"line":5,"column":33}},"loc":{"start":{"line":5,"column":36},"end":{"line":12,"column":1}},"line":5}},"branchMap":{},"s":{"0":0},"f":{"0":0},"b":{}}
,"/Users/danilosilva/projects/pixelstoken/src/app/(tabs)/index.tsx": {"path":"/Users/danilosilva/projects/pixelstoken/src/app/(tabs)/index.tsx","statementMap":{"0":{"start":{"line":7,"column":2},"end":{"line":19,"column":4}}},"fnMap":{"0":{"name":"Home","decl":{"start":{"line":6,"column":24},"end":{"line":6,"column":28}},"loc":{"start":{"line":6,"column":31},"end":{"line":20,"column":1}},"line":6}},"branchMap":{},"s":{"0":0},"f":{"0":0},"b":{}}
,"/Users/danilosilva/projects/pixelstoken/src/app/(tabs)/market.tsx": {"path":"/Users/danilosilva/projects/pixelstoken/src/app/(tabs)/market.tsx","statementMap":{"0":{"start":{"line":7,"column":2},"end":{"line":15,"column":4}}},"fnMap":{"0":{"name":"Home","decl":{"start":{"line":6,"column":24},"end":{"line":6,"column":28}},"loc":{"start":{"line":6,"column":31},"end":{"line":16,"column":1}},"line":6}},"branchMap":{},"s":{"0":0},"f":{"0":0},"b":{}}
,"/Users/danilosilva/projects/pixelstoken/src/components/atoms/index.ts": {"path":"/Users/danilosilva/projects/pixelstoken/src/components/atoms/index.ts","statementMap":{},"fnMap":{},"branchMap":{},"s":{},"f":{},"b":{}}
,"/Users/danilosilva/projects/pixelstoken/src/components/atoms/Container/index.tsx": {"path":"/Users/danilosilva/projects/pixelstoken/src/components/atoms/Container/index.tsx","statementMap":{"0":{"start":{"line":5,"column":75},"end":{"line":11,"column":1}},"1":{"start":{"line":6,"column":2},"end":{"line":10,"column":4}}},"fnMap":{"0":{"name":"(anonymous_0)","decl":{"start":{"line":5,"column":75},"end":{"line":5,"column":76}},"loc":{"start":{"line":5,"column":93},"end":{"line":11,"column":1}},"line":5}},"branchMap":{},"s":{"0":1,"1":1},"f":{"0":1},"b":{},"_coverageSchema":"1a1c01bbd47fc00a2c39e90264f33305004495a9","hash":"db284728e46f37da778e0ee94b5b91b015d3670e"}
,"/Users/danilosilva/projects/pixelstoken/src/components/atoms/Icons/BTCIcon.tsx": {"path":"/Users/danilosilva/projects/pixelstoken/src/components/atoms/Icons/BTCIcon.tsx","statementMap":{"0":{"start":{"line":4,"column":48},"end":{"line":23,"column":1}},"1":{"start":{"line":5,"column":2},"end":{"line":22,"column":8}}},"fnMap":{"0":{"name":"(anonymous_0)","decl":{"start":{"line":4,"column":48},"end":{"line":4,"column":49}},"loc":{"start":{"line":5,"column":2},"end":{"line":22,"column":8}},"line":5}},"branchMap":{},"s":{"0":0,"1":0},"f":{"0":0},"b":{}}
,"/Users/danilosilva/projects/pixelstoken/src/components/atoms/Icons/ETHIcon.tsx": {"path":"/Users/danilosilva/projects/pixelstoken/src/components/atoms/Icons/ETHIcon.tsx","statementMap":{"0":{"start":{"line":4,"column":48},"end":{"line":22,"column":1}},"1":{"start":{"line":5,"column":2},"end":{"line":21,"column":8}}},"fnMap":{"0":{"name":"(anonymous_0)","decl":{"start":{"line":4,"column":48},"end":{"line":4,"column":49}},"loc":{"start":{"line":5,"column":2},"end":{"line":21,"column":8}},"line":5}},"branchMap":{},"s":{"0":0,"1":0},"f":{"0":0},"b":{}}
,"/Users/danilosilva/projects/pixelstoken/src/components/atoms/Icons/ReceiveMoneyIcon.tsx": {"path":"/Users/danilosilva/projects/pixelstoken/src/components/atoms/Icons/ReceiveMoneyIcon.tsx","statementMap":{"0":{"start":{"line":4,"column":57},"end":{"line":27,"column":1}},"1":{"start":{"line":5,"column":2},"end":{"line":26,"column":8}}},"fnMap":{"0":{"name":"(anonymous_0)","decl":{"start":{"line":4,"column":57},"end":{"line":4,"column":58}},"loc":{"start":{"line":5,"column":2},"end":{"line":26,"column":8}},"line":5}},"branchMap":{},"s":{"0":0,"1":0},"f":{"0":0},"b":{}}
,"/Users/danilosilva/projects/pixelstoken/src/components/atoms/Icons/SOLIcon.tsx": {"path":"/Users/danilosilva/projects/pixelstoken/src/components/atoms/Icons/SOLIcon.tsx","statementMap":{"0":{"start":{"line":13,"column":48},"end":{"line":76,"column":1}},"1":{"start":{"line":14,"column":2},"end":{"line":75,"column":8}}},"fnMap":{"0":{"name":"(anonymous_0)","decl":{"start":{"line":13,"column":48},"end":{"line":13,"column":49}},"loc":{"start":{"line":14,"column":2},"end":{"line":75,"column":8}},"line":14}},"branchMap":{},"s":{"0":0,"1":0},"f":{"0":0},"b":{}}
,"/Users/danilosilva/projects/pixelstoken/src/components/atoms/Icons/SendMoneyIcon.tsx": {"path":"/Users/danilosilva/projects/pixelstoken/src/components/atoms/Icons/SendMoneyIcon.tsx","statementMap":{"0":{"start":{"line":4,"column":54},"end":{"line":27,"column":1}},"1":{"start":{"line":5,"column":2},"end":{"line":26,"column":8}}},"fnMap":{"0":{"name":"(anonymous_0)","decl":{"start":{"line":4,"column":54},"end":{"line":4,"column":55}},"loc":{"start":{"line":5,"column":2},"end":{"line":26,"column":8}},"line":5}},"branchMap":{},"s":{"0":0,"1":0},"f":{"0":0},"b":{}}
,"/Users/danilosilva/projects/pixelstoken/src/components/atoms/Icons/index.ts": {"path":"/Users/danilosilva/projects/pixelstoken/src/components/atoms/Icons/index.ts","statementMap":{},"fnMap":{},"branchMap":{},"s":{},"f":{},"b":{}}
,"/Users/danilosilva/projects/pixelstoken/src/components/atoms/Illustrations/BackgroudIllustration.tsx": {"path":"/Users/danilosilva/projects/pixelstoken/src/components/atoms/Illustrations/BackgroudIllustration.tsx","statementMap":{"0":{"start":{"line":5,"column":66},"end":{"line":81,"column":1}},"1":{"start":{"line":6,"column":34},"end":{"line":6,"column":55}},"2":{"start":{"line":8,"column":2},"end":{"line":80,"column":4}}},"fnMap":{"0":{"name":"(anonymous_0)","decl":{"start":{"line":5,"column":66},"end":{"line":5,"column":67}},"loc":{"start":{"line":5,"column":77},"end":{"line":81,"column":1}},"line":5}},"branchMap":{},"s":{"0":0,"1":0,"2":0},"f":{"0":0},"b":{}}
,"/Users/danilosilva/projects/pixelstoken/src/components/atoms/Illustrations/EmptyCartIllustration.tsx": {"path":"/Users/danilosilva/projects/pixelstoken/src/components/atoms/Illustrations/EmptyCartIllustration.tsx","statementMap":{"0":{"start":{"line":4,"column":66},"end":{"line":54,"column":1}},"1":{"start":{"line":5,"column":2},"end":{"line":53,"column":8}}},"fnMap":{"0":{"name":"(anonymous_0)","decl":{"start":{"line":4,"column":66},"end":{"line":4,"column":67}},"loc":{"start":{"line":5,"column":2},"end":{"line":53,"column":8}},"line":5}},"branchMap":{},"s":{"0":0,"1":0},"f":{"0":0},"b":{}}
,"/Users/danilosilva/projects/pixelstoken/src/components/atoms/Illustrations/index.ts": {"path":"/Users/danilosilva/projects/pixelstoken/src/components/atoms/Illustrations/index.ts","statementMap":{},"fnMap":{},"branchMap":{},"s":{},"f":{},"b":{}}
,"/Users/danilosilva/projects/pixelstoken/src/components/atoms/TabButton/index.tsx": {"path":"/Users/danilosilva/projects/pixelstoken/src/components/atoms/TabButton/index.tsx","statementMap":{"0":{"start":{"line":23,"column":60},"end":{"line":100,"column":1}},"1":{"start":{"line":28,"column":38},"end":{"line":28,"column":74}},"2":{"start":{"line":30,"column":22},"end":{"line":30,"column":55}},"3":{"start":{"line":31,"column":23},"end":{"line":31,"column":45}},"4":{"start":{"line":33,"column":23},"end":{"line":33,"column":40}},"5":{"start":{"line":35,"column":22},"end":{"line":40,"column":3}},"6":{"start":{"line":36,"column":4},"end":{"line":39,"column":7}},"7":{"start":{"line":42,"column":22},"end":{"line":44,"column":3}},"8":{"start":{"line":43,"column":4},"end":{"line":43,"column":26}},"9":{"start":{"line":46,"column":21},"end":{"line":51,"column":3}},"10":{"start":{"line":47,"column":19},"end":{"line":47,"column":38}},"11":{"start":{"line":48,"column":4},"end":{"line":50,"column":7}},"12":{"start":{"line":49,"column":6},"end":{"line":49,"column":34}},"13":{"start":{"line":53,"column":24},"end":{"line":57,"column":4}},"14":{"start":{"line":54,"column":4},"end":{"line":56,"column":6}},"15":{"start":{"line":59,"column":2},"end":{"line":99,"column":4}},"16":{"start":{"line":76,"column":24},"end":{"line":76,"column":90}},"17":{"start":{"line":78,"column":10},"end":{"line":95,"column":12}},"18":{"start":{"line":81,"column":29},"end":{"line":81,"column":44}}},"fnMap":{"0":{"name":"(anonymous_0)","decl":{"start":{"line":23,"column":60},"end":{"line":23,"column":61}},"loc":{"start":{"line":27,"column":6},"end":{"line":100,"column":1}},"line":27},"1":{"name":"(anonymous_1)","decl":{"start":{"line":35,"column":22},"end":{"line":35,"column":23}},"loc":{"start":{"line":35,"column":48},"end":{"line":40,"column":3}},"line":35},"2":{"name":"(anonymous_2)","decl":{"start":{"line":42,"column":22},"end":{"line":42,"column":23}},"loc":{"start":{"line":42,"column":41},"end":{"line":44,"column":3}},"line":42},"3":{"name":"(anonymous_3)","decl":{"start":{"line":46,"column":21},"end":{"line":46,"column":22}},"loc":{"start":{"line":46,"column":40},"end":{"line":51,"column":3}},"line":46},"4":{"name":"(anonymous_4)","decl":{"start":{"line":48,"column":48},"end":{"line":48,"column":49}},"loc":{"start":{"line":48,"column":54},"end":{"line":50,"column":5}},"line":48},"5":{"name":"(anonymous_5)","decl":{"start":{"line":53,"column":41},"end":{"line":53,"column":42}},"loc":{"start":{"line":53,"column":47},"end":{"line":57,"column":3}},"line":53},"6":{"name":"(anonymous_6)","decl":{"start":{"line":75,"column":21},"end":{"line":75,"column":22}},"loc":{"start":{"line":75,"column":38},"end":{"line":96,"column":9}},"line":75},"7":{"name":"(anonymous_7)","decl":{"start":{"line":81,"column":23},"end":{"line":81,"column":24}},"loc":{"start":{"line":81,"column":29},"end":{"line":81,"column":44}},"line":81}},"branchMap":{"0":{"loc":{"start":{"line":76,"column":24},"end":{"line":76,"column":90}},"type":"cond-expr","locations":[{"start":{"line":76,"column":46},"end":{"line":76,"column":53}},{"start":{"line":76,"column":56},"end":{"line":76,"column":90}}],"line":76}},"s":{"0":0,"1":0,"2":0,"3":0,"4":0,"5":0,"6":0,"7":0,"8":0,"9":0,"10":0,"11":0,"12":0,"13":0,"14":0,"15":0,"16":0,"17":0,"18":0},"f":{"0":0,"1":0,"2":0,"3":0,"4":0,"5":0,"6":0,"7":0},"b":{"0":[0,0]}}
,"/Users/danilosilva/projects/pixelstoken/src/components/atoms/TabButton/types.ts": {"path":"/Users/danilosilva/projects/pixelstoken/src/components/atoms/TabButton/types.ts","statementMap":{},"fnMap":{},"branchMap":{},"s":{},"f":{},"b":{}}
,"/Users/danilosilva/projects/pixelstoken/src/components/molecules/index.ts": {"path":"/Users/danilosilva/projects/pixelstoken/src/components/molecules/index.ts","statementMap":{},"fnMap":{},"branchMap":{},"s":{},"f":{},"b":{}}
,"/Users/danilosilva/projects/pixelstoken/src/components/molecules/ListCart/index.tsx": {"path":"/Users/danilosilva/projects/pixelstoken/src/components/molecules/ListCart/index.tsx","statementMap":{"0":{"start":{"line":15,"column":57},"end":{"line":46,"column":1}},"1":{"start":{"line":16,"column":28},"end":{"line":16,"column":42}},"2":{"start":{"line":18,"column":23},"end":{"line":18,"column":54}},"3":{"start":{"line":20,"column":17},"end":{"line":20,"column":49}},"4":{"start":{"line":22,"column":25},"end":{"line":24,"column":3}},"5":{"start":{"line":23,"column":4},"end":{"line":23,"column":31}},"6":{"start":{"line":26,"column":21},"end":{"line":28,"column":3}},"7":{"start":{"line":27,"column":4},"end":{"line":27,"column":61}},"8":{"start":{"line":30,"column":2},"end":{"line":45,"column":4}},"9":{"start":{"line":35,"column":32},"end":{"line":35,"column":41}}},"fnMap":{"0":{"name":"(anonymous_0)","decl":{"start":{"line":15,"column":57},"end":{"line":15,"column":58}},"loc":{"start":{"line":15,"column":75},"end":{"line":46,"column":1}},"line":15},"1":{"name":"(anonymous_1)","decl":{"start":{"line":22,"column":25},"end":{"line":22,"column":26}},"loc":{"start":{"line":22,"column":50},"end":{"line":24,"column":3}},"line":22},"2":{"name":"(anonymous_2)","decl":{"start":{"line":26,"column":21},"end":{"line":26,"column":22}},"loc":{"start":{"line":27,"column":4},"end":{"line":27,"column":61}},"line":27},"3":{"name":"(anonymous_3)","decl":{"start":{"line":35,"column":22},"end":{"line":35,"column":23}},"loc":{"start":{"line":35,"column":32},"end":{"line":35,"column":41}},"line":35}},"branchMap":{},"s":{"0":0,"1":0,"2":0,"3":0,"4":0,"5":0,"6":0,"7":0,"8":0,"9":0},"f":{"0":0,"1":0,"2":0,"3":0},"b":{}}
,"/Users/danilosilva/projects/pixelstoken/src/components/molecules/ListItemCart/index.tsx": {"path":"/Users/danilosilva/projects/pixelstoken/src/components/molecules/ListItemCart/index.tsx","statementMap":{"0":{"start":{"line":15,"column":65},"end":{"line":58,"column":1}},"1":{"start":{"line":16,"column":2},"end":{"line":57,"column":4}},"2":{"start":{"line":53,"column":39},"end":{"line":53,"column":61}}},"fnMap":{"0":{"name":"(anonymous_0)","decl":{"start":{"line":15,"column":65},"end":{"line":15,"column":66}},"loc":{"start":{"line":15,"column":92},"end":{"line":58,"column":1}},"line":15},"1":{"name":"(anonymous_1)","decl":{"start":{"line":53,"column":33},"end":{"line":53,"column":34}},"loc":{"start":{"line":53,"column":39},"end":{"line":53,"column":61}},"line":53}},"branchMap":{},"s":{"0":0,"1":0,"2":0},"f":{"0":0,"1":0},"b":{}}
,"/Users/danilosilva/projects/pixelstoken/src/components/molecules/ListItemNft/index.tsx": {"path":"/Users/danilosilva/projects/pixelstoken/src/components/molecules/ListItemNft/index.tsx","statementMap":{"0":{"start":{"line":13,"column":63},"end":{"line":53,"column":1}},"1":{"start":{"line":14,"column":2},"end":{"line":52,"column":4}}},"fnMap":{"0":{"name":"(anonymous_0)","decl":{"start":{"line":13,"column":63},"end":{"line":13,"column":64}},"loc":{"start":{"line":13,"column":76},"end":{"line":53,"column":1}},"line":13}},"branchMap":{},"s":{"0":0,"1":0},"f":{"0":0},"b":{}}
,"/Users/danilosilva/projects/pixelstoken/src/components/molecules/ListItemProduct/index.tsx": {"path":"/Users/danilosilva/projects/pixelstoken/src/components/molecules/ListItemProduct/index.tsx","statementMap":{"0":{"start":{"line":14,"column":71},"end":{"line":51,"column":1}},"1":{"start":{"line":15,"column":22},"end":{"line":15,"column":52}},"2":{"start":{"line":16,"column":24},"end":{"line":16,"column":26}},"3":{"start":{"line":18,"column":20},"end":{"line":18,"column":51}},"4":{"start":{"line":20,"column":2},"end":{"line":50,"column":4}},"5":{"start":{"line":21,"column":37},"end":{"line":21,"column":54}}},"fnMap":{"0":{"name":"(anonymous_0)","decl":{"start":{"line":14,"column":71},"end":{"line":14,"column":72}},"loc":{"start":{"line":14,"column":98},"end":{"line":51,"column":1}},"line":14},"1":{"name":"(anonymous_1)","decl":{"start":{"line":21,"column":31},"end":{"line":21,"column":32}},"loc":{"start":{"line":21,"column":37},"end":{"line":21,"column":54}},"line":21}},"branchMap":{},"s":{"0":0,"1":0,"2":0,"3":0,"4":0,"5":0},"f":{"0":0,"1":0},"b":{}}
,"/Users/danilosilva/projects/pixelstoken/src/components/molecules/ListItemToken/index.tsx": {"path":"/Users/danilosilva/projects/pixelstoken/src/components/molecules/ListItemToken/index.tsx","statementMap":{"0":{"start":{"line":14,"column":67},"end":{"line":55,"column":1}},"1":{"start":{"line":15,"column":24},"end":{"line":15,"column":41}},"2":{"start":{"line":17,"column":18},"end":{"line":17,"column":35}},"3":{"start":{"line":19,"column":2},"end":{"line":54,"column":4}}},"fnMap":{"0":{"name":"(anonymous_0)","decl":{"start":{"line":14,"column":67},"end":{"line":14,"column":68}},"loc":{"start":{"line":14,"column":82},"end":{"line":55,"column":1}},"line":14}},"branchMap":{"0":{"loc":{"start":{"line":38,"column":11},"end":{"line":42,"column":11}},"type":"cond-expr","locations":[{"start":{"line":39,"column":12},"end":{"line":39,"column":58}},{"start":{"line":41,"column":12},"end":{"line":41,"column":57}}],"line":38},"1":{"loc":{"start":{"line":45,"column":19},"end":{"line":45,"column":59}},"type":"cond-expr","locations":[{"start":{"line":45,"column":29},"end":{"line":45,"column":44}},{"start":{"line":45,"column":47},"end":{"line":45,"column":59}}],"line":45}},"s":{"0":0,"1":0,"2":0,"3":0},"f":{"0":0},"b":{"0":[0,0],"1":[0,0]}}
,"/Users/danilosilva/projects/pixelstoken/src/components/molecules/ListNfts/index.tsx": {"path":"/Users/danilosilva/projects/pixelstoken/src/components/molecules/ListNfts/index.tsx","statementMap":{"0":{"start":{"line":14,"column":57},"end":{"line":38,"column":1}},"1":{"start":{"line":15,"column":23},"end":{"line":15,"column":54}},"2":{"start":{"line":16,"column":27},"end":{"line":16,"column":43}},"3":{"start":{"line":17,"column":17},"end":{"line":17,"column":53}},"4":{"start":{"line":19,"column":21},"end":{"line":21,"column":3}},"5":{"start":{"line":20,"column":4},"end":{"line":20,"column":38}},"6":{"start":{"line":23,"column":45},"end":{"line":25,"column":3}},"7":{"start":{"line":24,"column":4},"end":{"line":24,"column":64}},"8":{"start":{"line":27,"column":2},"end":{"line":37,"column":4}},"9":{"start":{"line":31,"column":30},"end":{"line":31,"column":39}}},"fnMap":{"0":{"name":"(anonymous_0)","decl":{"start":{"line":14,"column":57},"end":{"line":14,"column":58}},"loc":{"start":{"line":14,"column":71},"end":{"line":38,"column":1}},"line":14},"1":{"name":"(anonymous_1)","decl":{"start":{"line":19,"column":21},"end":{"line":19,"column":22}},"loc":{"start":{"line":19,"column":50},"end":{"line":21,"column":3}},"line":19},"2":{"name":"(anonymous_2)","decl":{"start":{"line":23,"column":45},"end":{"line":23,"column":46}},"loc":{"start":{"line":24,"column":4},"end":{"line":24,"column":64}},"line":24},"3":{"name":"(anonymous_3)","decl":{"start":{"line":31,"column":20},"end":{"line":31,"column":21}},"loc":{"start":{"line":31,"column":30},"end":{"line":31,"column":39}},"line":31}},"branchMap":{},"s":{"0":0,"1":0,"2":0,"3":0,"4":0,"5":0,"6":0,"7":0,"8":0,"9":0},"f":{"0":0,"1":0,"2":0,"3":0},"b":{}}
,"/Users/danilosilva/projects/pixelstoken/src/components/molecules/ListProduct/index.tsx": {"path":"/Users/danilosilva/projects/pixelstoken/src/components/molecules/ListProduct/index.tsx","statementMap":{"0":{"start":{"line":15,"column":63},"end":{"line":49,"column":1}},"1":{"start":{"line":16,"column":39},"end":{"line":16,"column":64}},"2":{"start":{"line":18,"column":23},"end":{"line":18,"column":54}},"3":{"start":{"line":20,"column":17},"end":{"line":20,"column":49}},"4":{"start":{"line":22,"column":25},"end":{"line":25,"column":3}},"5":{"start":{"line":23,"column":4},"end":{"line":23,"column":24}},"6":{"start":{"line":24,"column":4},"end":{"line":24,"column":19}},"7":{"start":{"line":27,"column":21},"end":{"line":29,"column":3}},"8":{"start":{"line":28,"column":4},"end":{"line":28,"column":64}},"9":{"start":{"line":31,"column":2},"end":{"line":48,"column":4}},"10":{"start":{"line":37,"column":32},"end":{"line":37,"column":41}}},"fnMap":{"0":{"name":"(anonymous_0)","decl":{"start":{"line":15,"column":63},"end":{"line":15,"column":64}},"loc":{"start":{"line":15,"column":81},"end":{"line":49,"column":1}},"line":15},"1":{"name":"(anonymous_1)","decl":{"start":{"line":22,"column":25},"end":{"line":22,"column":26}},"loc":{"start":{"line":22,"column":47},"end":{"line":25,"column":3}},"line":22},"2":{"name":"(anonymous_2)","decl":{"start":{"line":27,"column":21},"end":{"line":27,"column":22}},"loc":{"start":{"line":28,"column":4},"end":{"line":28,"column":64}},"line":28},"3":{"name":"(anonymous_3)","decl":{"start":{"line":37,"column":22},"end":{"line":37,"column":23}},"loc":{"start":{"line":37,"column":32},"end":{"line":37,"column":41}},"line":37}},"branchMap":{},"s":{"0":0,"1":0,"2":0,"3":0,"4":0,"5":0,"6":0,"7":0,"8":0,"9":0,"10":0},"f":{"0":0,"1":0,"2":0,"3":0},"b":{}}
,"/Users/danilosilva/projects/pixelstoken/src/components/molecules/ListTokens/index.tsx": {"path":"/Users/danilosilva/projects/pixelstoken/src/components/molecules/ListTokens/index.tsx","statementMap":{"0":{"start":{"line":13,"column":61},"end":{"line":28,"column":1}},"1":{"start":{"line":14,"column":21},"end":{"line":16,"column":3}},"2":{"start":{"line":15,"column":4},"end":{"line":15,"column":42}},"3":{"start":{"line":18,"column":26},"end":{"line":18,"column":92}},"4":{"start":{"line":18,"column":32},"end":{"line":18,"column":92}},"5":{"start":{"line":20,"column":2},"end":{"line":27,"column":4}},"6":{"start":{"line":24,"column":30},"end":{"line":24,"column":39}}},"fnMap":{"0":{"name":"(anonymous_0)","decl":{"start":{"line":13,"column":61},"end":{"line":13,"column":62}},"loc":{"start":{"line":13,"column":77},"end":{"line":28,"column":1}},"line":13},"1":{"name":"(anonymous_1)","decl":{"start":{"line":14,"column":21},"end":{"line":14,"column":22}},"loc":{"start":{"line":14,"column":52},"end":{"line":16,"column":3}},"line":14},"2":{"name":"(anonymous_2)","decl":{"start":{"line":18,"column":26},"end":{"line":18,"column":27}},"loc":{"start":{"line":18,"column":32},"end":{"line":18,"column":92}},"line":18},"3":{"name":"(anonymous_3)","decl":{"start":{"line":24,"column":20},"end":{"line":24,"column":21}},"loc":{"start":{"line":24,"column":30},"end":{"line":24,"column":39}},"line":24}},"branchMap":{},"s":{"0":0,"1":0,"2":0,"3":0,"4":0,"5":0,"6":0},"f":{"0":0,"1":0,"2":0,"3":0},"b":{}}
,"/Users/danilosilva/projects/pixelstoken/src/components/molecules/SheetBuyProduct/index.tsx": {"path":"/Users/danilosilva/projects/pixelstoken/src/components/molecules/SheetBuyProduct/index.tsx","statementMap":{"0":{"start":{"line":10,"column":50},"end":{"line":119,"column":1}},"1":{"start":{"line":11,"column":44},"end":{"line":11,"column":69}},"2":{"start":{"line":13,"column":25},"end":{"line":13,"column":39}},"3":{"start":{"line":15,"column":34},"end":{"line":15,"column":45}},"4":{"start":{"line":17,"column":21},"end":{"line":17,"column":29}},"5":{"start":{"line":19,"column":22},"end":{"line":19,"column":52}},"6":{"start":{"line":21,"column":27},"end":{"line":26,"column":3}},"7":{"start":{"line":22,"column":4},"end":{"line":25,"column":5}},"8":{"start":{"line":23,"column":6},"end":{"line":23,"column":26}},"9":{"start":{"line":24,"column":6},"end":{"line":24,"column":21}},"10":{"start":{"line":28,"column":2},"end":{"line":118,"column":4}}},"fnMap":{"0":{"name":"(anonymous_0)","decl":{"start":{"line":10,"column":50},"end":{"line":10,"column":51}},"loc":{"start":{"line":10,"column":56},"end":{"line":119,"column":1}},"line":10},"1":{"name":"(anonymous_1)","decl":{"start":{"line":21,"column":27},"end":{"line":21,"column":28}},"loc":{"start":{"line":21,"column":33},"end":{"line":26,"column":3}},"line":21}},"branchMap":{"0":{"loc":{"start":{"line":22,"column":4},"end":{"line":25,"column":5}},"type":"if","locations":[{"start":{"line":22,"column":4},"end":{"line":25,"column":5}},{"start":{},"end":{}}],"line":22},"1":{"loc":{"start":{"line":45,"column":9},"end":{"line":115,"column":9}},"type":"binary-expr","locations":[{"start":{"line":45,"column":9},"end":{"line":45,"column":23}},{"start":{"line":46,"column":10},"end":{"line":114,"column":19}}],"line":45},"2":{"loc":{"start":{"line":49,"column":21},"end":{"line":49,"column":41}},"type":"binary-expr","locations":[{"start":{"line":49,"column":21},"end":{"line":49,"column":35}},{"start":{"line":49,"column":39},"end":{"line":49,"column":41}}],"line":49}},"s":{"0":0,"1":0,"2":0,"3":0,"4":0,"5":0,"6":0,"7":0,"8":0,"9":0,"10":0},"f":{"0":0,"1":0},"b":{"0":[0,0],"1":[0,0],"2":[0,0]}}
,"/Users/danilosilva/projects/pixelstoken/src/components/molecules/TabBarIcon/index.tsx": {"path":"/Users/danilosilva/projects/pixelstoken/src/components/molecules/TabBarIcon/index.tsx","statementMap":{"0":{"start":{"line":10,"column":61},"end":{"line":12,"column":1}},"1":{"start":{"line":11,"column":2},"end":{"line":11,"column":72}},"2":{"start":{"line":14,"column":22},"end":{"line":18,"column":2}}},"fnMap":{"0":{"name":"(anonymous_0)","decl":{"start":{"line":10,"column":61},"end":{"line":10,"column":62}},"loc":{"start":{"line":10,"column":72},"end":{"line":12,"column":1}},"line":10}},"branchMap":{},"s":{"0":0,"1":0,"2":0},"f":{"0":0},"b":{}}
,"/Users/danilosilva/projects/pixelstoken/src/components/molecules/User/index.tsx": {"path":"/Users/danilosilva/projects/pixelstoken/src/components/molecules/User/index.tsx","statementMap":{"0":{"start":{"line":5,"column":39},"end":{"line":30,"column":1}},"1":{"start":{"line":6,"column":2},"end":{"line":29,"column":4}}},"fnMap":{"0":{"name":"(anonymous_0)","decl":{"start":{"line":5,"column":39},"end":{"line":5,"column":40}},"loc":{"start":{"line":5,"column":45},"end":{"line":30,"column":1}},"line":5}},"branchMap":{},"s":{"0":0,"1":0},"f":{"0":0},"b":{}}
,"/Users/danilosilva/projects/pixelstoken/src/components/organinsms/index.ts": {"path":"/Users/danilosilva/projects/pixelstoken/src/components/organinsms/index.ts","statementMap":{},"fnMap":{},"branchMap":{},"s":{},"f":{},"b":{}}
,"/Users/danilosilva/projects/pixelstoken/src/components/organinsms/Balance/index.tsx": {"path":"/Users/danilosilva/projects/pixelstoken/src/components/organinsms/Balance/index.tsx","statementMap":{"0":{"start":{"line":7,"column":42},"end":{"line":29,"column":1}},"1":{"start":{"line":8,"column":2},"end":{"line":28,"column":4}}},"fnMap":{"0":{"name":"(anonymous_0)","decl":{"start":{"line":7,"column":42},"end":{"line":7,"column":43}},"loc":{"start":{"line":7,"column":48},"end":{"line":29,"column":1}},"line":7}},"branchMap":{},"s":{"0":0,"1":0},"f":{"0":0},"b":{}}
,"/Users/danilosilva/projects/pixelstoken/src/components/organinsms/BulletActions/index.tsx": {"path":"/Users/danilosilva/projects/pixelstoken/src/components/organinsms/BulletActions/index.tsx","statementMap":{"0":{"start":{"line":9,"column":48},"end":{"line":71,"column":1}},"1":{"start":{"line":10,"column":2},"end":{"line":70,"column":4}}},"fnMap":{"0":{"name":"(anonymous_0)","decl":{"start":{"line":9,"column":48},"end":{"line":9,"column":49}},"loc":{"start":{"line":9,"column":54},"end":{"line":71,"column":1}},"line":9}},"branchMap":{},"s":{"0":0,"1":0},"f":{"0":0},"b":{}}
,"/Users/danilosilva/projects/pixelstoken/src/components/organinsms/Cart/index.tsx": {"path":"/Users/danilosilva/projects/pixelstoken/src/components/organinsms/Cart/index.tsx","statementMap":{"0":{"start":{"line":10,"column":39},"end":{"line":44,"column":1}},"1":{"start":{"line":11,"column":30},"end":{"line":11,"column":44}},"2":{"start":{"line":12,"column":2},"end":{"line":43,"column":4}}},"fnMap":{"0":{"name":"(anonymous_0)","decl":{"start":{"line":10,"column":39},"end":{"line":10,"column":40}},"loc":{"start":{"line":10,"column":45},"end":{"line":44,"column":1}},"line":10}},"branchMap":{"0":{"loc":{"start":{"line":22,"column":13},"end":{"line":37,"column":13}},"type":"binary-expr","locations":[{"start":{"line":22,"column":13},"end":{"line":22,"column":22}},{"start":{"line":23,"column":14},"end":{"line":36,"column":21}}],"line":22},"1":{"loc":{"start":{"line":41,"column":7},"end":{"line":41,"column":67}},"type":"cond-expr","locations":[{"start":{"line":41,"column":19},"end":{"line":41,"column":51}},{"start":{"line":41,"column":54},"end":{"line":41,"column":67}}],"line":41}},"s":{"0":0,"1":0,"2":0},"f":{"0":0},"b":{"0":[0,0],"1":[0,0]}}
,"/Users/danilosilva/projects/pixelstoken/src/components/organinsms/EmptyCart/index.tsx": {"path":"/Users/danilosilva/projects/pixelstoken/src/components/organinsms/EmptyCart/index.tsx","statementMap":{"0":{"start":{"line":7,"column":44},"end":{"line":24,"column":1}},"1":{"start":{"line":8,"column":17},"end":{"line":8,"column":48}},"2":{"start":{"line":10,"column":26},"end":{"line":10,"column":36}},"3":{"start":{"line":12,"column":2},"end":{"line":23,"column":4}}},"fnMap":{"0":{"name":"(anonymous_0)","decl":{"start":{"line":7,"column":44},"end":{"line":7,"column":45}},"loc":{"start":{"line":7,"column":50},"end":{"line":24,"column":1}},"line":7}},"branchMap":{},"s":{"0":0,"1":0,"2":0,"3":0},"f":{"0":0},"b":{}}
,"/Users/danilosilva/projects/pixelstoken/src/components/organinsms/Header/index.tsx": {"path":"/Users/danilosilva/projects/pixelstoken/src/components/organinsms/Header/index.tsx","statementMap":{"0":{"start":{"line":10,"column":41},"end":{"line":42,"column":1}},"1":{"start":{"line":11,"column":20},"end":{"line":11,"column":34}},"2":{"start":{"line":12,"column":2},"end":{"line":41,"column":4}},"3":{"start":{"line":18,"column":12},"end":{"line":36,"column":19}}},"fnMap":{"0":{"name":"(anonymous_0)","decl":{"start":{"line":10,"column":41},"end":{"line":10,"column":42}},"loc":{"start":{"line":10,"column":47},"end":{"line":42,"column":1}},"line":10},"1":{"name":"(anonymous_1)","decl":{"start":{"line":17,"column":11},"end":{"line":17,"column":12}},"loc":{"start":{"line":18,"column":12},"end":{"line":36,"column":19}},"line":18}},"branchMap":{"0":{"loc":{"start":{"line":20,"column":15},"end":{"line":35,"column":15}},"type":"binary-expr","locations":[{"start":{"line":20,"column":15},"end":{"line":20,"column":24}},{"start":{"line":21,"column":16},"end":{"line":34,"column":23}}],"line":20}},"s":{"0":0,"1":0,"2":0,"3":0},"f":{"0":0,"1":0},"b":{"0":[0,0]}}
,"/Users/danilosilva/projects/pixelstoken/src/components/organinsms/Products/index.tsx": {"path":"/Users/danilosilva/projects/pixelstoken/src/components/organinsms/Products/index.tsx","statementMap":{"0":{"start":{"line":7,"column":43},"end":{"line":18,"column":1}},"1":{"start":{"line":8,"column":19},"end":{"line":8,"column":35}},"2":{"start":{"line":10,"column":2},"end":{"line":17,"column":4}}},"fnMap":{"0":{"name":"(anonymous_0)","decl":{"start":{"line":7,"column":43},"end":{"line":7,"column":44}},"loc":{"start":{"line":7,"column":49},"end":{"line":18,"column":1}},"line":7}},"branchMap":{"0":{"loc":{"start":{"line":15,"column":7},"end":{"line":15,"column":54}},"type":"binary-expr","locations":[{"start":{"line":15,"column":7},"end":{"line":15,"column":19}},{"start":{"line":15,"column":23},"end":{"line":15,"column":54}}],"line":15}},"s":{"0":0,"1":0,"2":0},"f":{"0":0},"b":{"0":[0,0]}}
,"/Users/danilosilva/projects/pixelstoken/src/components/organinsms/TabView/index.tsx": {"path":"/Users/danilosilva/projects/pixelstoken/src/components/organinsms/TabView/index.tsx","statementMap":{"0":{"start":{"line":12,"column":64},"end":{"line":46,"column":1}},"1":{"start":{"line":16,"column":20},"end":{"line":16,"column":91}},"2":{"start":{"line":16,"column":57},"end":{"line":16,"column":75}},"3":{"start":{"line":17,"column":40},"end":{"line":17,"column":59}},"4":{"start":{"line":18,"column":18},"end":{"line":18,"column":35}},"5":{"start":{"line":19,"column":21},"end":{"line":19,"column":38}},"6":{"start":{"line":21,"column":35},"end":{"line":21,"column":87}},"7":{"start":{"line":21,"column":61},"end":{"line":21,"column":85}},"8":{"start":{"line":23,"column":2},"end":{"line":29,"column":20}},"9":{"start":{"line":24,"column":4},"end":{"line":26,"column":7}},"10":{"start":{"line":25,"column":6},"end":{"line":25,"column":55}},"11":{"start":{"line":28,"column":4},"end":{"line":28,"column":70}},"12":{"start":{"line":31,"column":24},"end":{"line":36,"column":4}},"13":{"start":{"line":32,"column":4},"end":{"line":35,"column":6}},"14":{"start":{"line":38,"column":2},"end":{"line":45,"column":4}}},"fnMap":{"0":{"name":"(anonymous_0)","decl":{"start":{"line":12,"column":64},"end":{"line":12,"column":65}},"loc":{"start":{"line":15,"column":23},"end":{"line":46,"column":1}},"line":15},"1":{"name":"(anonymous_1)","decl":{"start":{"line":16,"column":48},"end":{"line":16,"column":49}},"loc":{"start":{"line":16,"column":57},"end":{"line":16,"column":75}},"line":16},"2":{"name":"(anonymous_2)","decl":{"start":{"line":21,"column":49},"end":{"line":21,"column":50}},"loc":{"start":{"line":21,"column":61},"end":{"line":21,"column":85}},"line":21},"3":{"name":"(anonymous_3)","decl":{"start":{"line":23,"column":12},"end":{"line":23,"column":13}},"loc":{"start":{"line":23,"column":18},"end":{"line":29,"column":3}},"line":23},"4":{"name":"(anonymous_4)","decl":{"start":{"line":24,"column":53},"end":{"line":24,"column":54}},"loc":{"start":{"line":24,"column":59},"end":{"line":26,"column":5}},"line":24},"5":{"name":"(anonymous_5)","decl":{"start":{"line":31,"column":41},"end":{"line":31,"column":42}},"loc":{"start":{"line":31,"column":47},"end":{"line":36,"column":3}},"line":31}},"branchMap":{},"s":{"0":0,"1":0,"2":0,"3":0,"4":0,"5":0,"6":0,"7":0,"8":0,"9":0,"10":0,"11":0,"12":0,"13":0,"14":0},"f":{"0":0,"1":0,"2":0,"3":0,"4":0,"5":0},"b":{}}
,"/Users/danilosilva/projects/pixelstoken/src/components/organinsms/Tokens/index.tsx": {"path":"/Users/danilosilva/projects/pixelstoken/src/components/organinsms/Tokens/index.tsx","statementMap":{"0":{"start":{"line":14,"column":41},"end":{"line":28,"column":1}},"1":{"start":{"line":15,"column":19},"end":{"line":15,"column":33}},"2":{"start":{"line":17,"column":17},"end":{"line":17,"column":34}},"3":{"start":{"line":18,"column":15},"end":{"line":18,"column":30}},"4":{"start":{"line":20,"column":2},"end":{"line":27,"column":4}}},"fnMap":{"0":{"name":"(anonymous_0)","decl":{"start":{"line":14,"column":41},"end":{"line":14,"column":42}},"loc":{"start":{"line":14,"column":47},"end":{"line":28,"column":1}},"line":14}},"branchMap":{"0":{"loc":{"start":{"line":22,"column":7},"end":{"line":22,"column":55}},"type":"binary-expr","locations":[{"start":{"line":22,"column":7},"end":{"line":22,"column":21}},{"start":{"line":22,"column":25},"end":{"line":22,"column":55}}],"line":22},"1":{"loc":{"start":{"line":23,"column":7},"end":{"line":23,"column":47}},"type":"binary-expr","locations":[{"start":{"line":23,"column":7},"end":{"line":23,"column":19}},{"start":{"line":23,"column":23},"end":{"line":23,"column":47}}],"line":23}},"s":{"0":0,"1":0,"2":0,"3":0,"4":0},"f":{"0":0},"b":{"0":[0,0],"1":[0,0]}}
,"/Users/danilosilva/projects/pixelstoken/src/hooks/index.ts": {"path":"/Users/danilosilva/projects/pixelstoken/src/hooks/index.ts","statementMap":{},"fnMap":{},"branchMap":{},"s":{},"f":{},"b":{}}
,"/Users/danilosilva/projects/pixelstoken/src/hooks/useFetch/index.ts": {"path":"/Users/danilosilva/projects/pixelstoken/src/hooks/useFetch/index.ts","statementMap":{"0":{"start":{"line":11,"column":17},"end":{"line":11,"column":31}},"1":{"start":{"line":13,"column":45},"end":{"line":20,"column":3}},"2":{"start":{"line":16,"column":23},"end":{"line":16,"column":44}},"3":{"start":{"line":17,"column":6},"end":{"line":17,"column":27}},"4":{"start":{"line":22,"column":2},"end":{"line":22,"column":44}}},"fnMap":{"0":{"name":"useFetch","decl":{"start":{"line":7,"column":16},"end":{"line":7,"column":24}},"loc":{"start":{"line":10,"column":2},"end":{"line":23,"column":1}},"line":10},"1":{"name":"(anonymous_1)","decl":{"start":{"line":15,"column":4},"end":{"line":15,"column":5}},"loc":{"start":{"line":15,"column":19},"end":{"line":18,"column":5}},"line":15}},"branchMap":{"0":{"loc":{"start":{"line":9,"column":2},"end":{"line":9,"column":89}},"type":"default-arg","locations":[{"start":{"line":9,"column":87},"end":{"line":9,"column":89}}],"line":9},"1":{"loc":{"start":{"line":9,"column":4},"end":{"line":9,"column":16}},"type":"default-arg","locations":[{"start":{"line":9,"column":11},"end":{"line":9,"column":16}}],"line":9},"2":{"loc":{"start":{"line":9,"column":18},"end":{"line":9,"column":32}},"type":"default-arg","locations":[{"start":{"line":9,"column":28},"end":{"line":9,"column":32}}],"line":9},"3":{"loc":{"start":{"line":9,"column":34},"end":{"line":9,"column":54}},"type":"default-arg","locations":[{"start":{"line":9,"column":49},"end":{"line":9,"column":54}}],"line":9},"4":{"loc":{"start":{"line":14,"column":4},"end":{"line":14,"column":33}},"type":"cond-expr","locations":[{"start":{"line":14,"column":23},"end":{"line":14,"column":26}},{"start":{"line":14,"column":29},"end":{"line":14,"column":33}}],"line":14},"5":{"loc":{"start":{"line":14,"column":4},"end":{"line":14,"column":20}},"type":"binary-expr","locations":[{"start":{"line":14,"column":4},"end":{"line":14,"column":11}},{"start":{"line":14,"column":15},"end":{"line":14,"column":20}}],"line":14}},"s":{"0":0,"1":0,"2":0,"3":0,"4":0},"f":{"0":0,"1":0},"b":{"0":[0],"1":[0],"2":[0],"3":[0],"4":[0,0],"5":[0,0]}}
,"/Users/danilosilva/projects/pixelstoken/src/hooks/useFetch/types.ts": {"path":"/Users/danilosilva/projects/pixelstoken/src/hooks/useFetch/types.ts","statementMap":{},"fnMap":{},"branchMap":{},"s":{},"f":{},"b":{}}
,"/Users/danilosilva/projects/pixelstoken/src/hooks/useGetProducts/index.ts": {"path":"/Users/danilosilva/projects/pixelstoken/src/hooks/useGetProducts/index.ts","statementMap":{"0":{"start":{"line":4,"column":30},"end":{"line":12,"column":1}},"1":{"start":{"line":5,"column":37},"end":{"line":5,"column":69}},"2":{"start":{"line":7,"column":2},"end":{"line":11,"column":4}}},"fnMap":{"0":{"name":"(anonymous_0)","decl":{"start":{"line":4,"column":30},"end":{"line":4,"column":31}},"loc":{"start":{"line":4,"column":36},"end":{"line":12,"column":1}},"line":4}},"branchMap":{},"s":{"0":0,"1":0,"2":0},"f":{"0":0},"b":{}}
,"/Users/danilosilva/projects/pixelstoken/src/hooks/useGetProducts/types.ts": {"path":"/Users/danilosilva/projects/pixelstoken/src/hooks/useGetProducts/types.ts","statementMap":{},"fnMap":{},"branchMap":{},"s":{},"f":{},"b":{}}
,"/Users/danilosilva/projects/pixelstoken/src/hooks/useGetTokens/index.ts": {"path":"/Users/danilosilva/projects/pixelstoken/src/hooks/useGetTokens/index.ts","statementMap":{"0":{"start":{"line":4,"column":28},"end":{"line":12,"column":1}},"1":{"start":{"line":5,"column":37},"end":{"line":5,"column":77}},"2":{"start":{"line":7,"column":2},"end":{"line":11,"column":4}}},"fnMap":{"0":{"name":"(anonymous_0)","decl":{"start":{"line":4,"column":28},"end":{"line":4,"column":29}},"loc":{"start":{"line":4,"column":34},"end":{"line":12,"column":1}},"line":4}},"branchMap":{},"s":{"0":0,"1":0,"2":0},"f":{"0":0},"b":{}}
,"/Users/danilosilva/projects/pixelstoken/src/hooks/useGetTokens/types.ts": {"path":"/Users/danilosilva/projects/pixelstoken/src/hooks/useGetTokens/types.ts","statementMap":{},"fnMap":{},"branchMap":{},"s":{},"f":{},"b":{}}
,"/Users/danilosilva/projects/pixelstoken/src/integration/client.ts": {"path":"/Users/danilosilva/projects/pixelstoken/src/integration/client.ts","statementMap":{"0":{"start":{"line":3,"column":28},"end":{"line":11,"column":1}},"1":{"start":{"line":4,"column":2},"end":{"line":10,"column":5}}},"fnMap":{"0":{"name":"(anonymous_0)","decl":{"start":{"line":3,"column":28},"end":{"line":3,"column":29}},"loc":{"start":{"line":3,"column":34},"end":{"line":11,"column":1}},"line":3}},"branchMap":{},"s":{"0":0,"1":0},"f":{"0":0},"b":{}}
,"/Users/danilosilva/projects/pixelstoken/src/navigation/RootStackNavigator.tsx": {"path":"/Users/danilosilva/projects/pixelstoken/src/navigation/RootStackNavigator.tsx","statementMap":{"0":{"start":{"line":4,"column":53},"end":{"line":11,"column":1}},"1":{"start":{"line":5,"column":2},"end":{"line":10,"column":4}}},"fnMap":{"0":{"name":"(anonymous_0)","decl":{"start":{"line":4,"column":53},"end":{"line":4,"column":54}},"loc":{"start":{"line":4,"column":59},"end":{"line":11,"column":1}},"line":4}},"branchMap":{},"s":{"0":0,"1":0},"f":{"0":0},"b":{}}
,"/Users/danilosilva/projects/pixelstoken/src/navigation/TabNavigator.tsx": {"path":"/Users/danilosilva/projects/pixelstoken/src/navigation/TabNavigator.tsx","statementMap":{"0":{"start":{"line":13,"column":47},"end":{"line":86,"column":1}},"1":{"start":{"line":14,"column":17},"end":{"line":14,"column":36}},"2":{"start":{"line":15,"column":2},"end":{"line":85,"column":4}},"3":{"start":{"line":43,"column":14},"end":{"line":55,"column":23}},"4":{"start":{"line":67,"column":14},"end":{"line":79,"column":23}}},"fnMap":{"0":{"name":"(anonymous_0)","decl":{"start":{"line":13,"column":47},"end":{"line":13,"column":48}},"loc":{"start":{"line":13,"column":53},"end":{"line":86,"column":1}},"line":13},"1":{"name":"(anonymous_1)","decl":{"start":{"line":42,"column":24},"end":{"line":42,"column":25}},"loc":{"start":{"line":43,"column":14},"end":{"line":55,"column":23}},"line":43},"2":{"name":"(anonymous_2)","decl":{"start":{"line":66,"column":24},"end":{"line":66,"column":25}},"loc":{"start":{"line":67,"column":14},"end":{"line":79,"column":23}},"line":67}},"branchMap":{},"s":{"0":0,"1":0,"2":0,"3":0,"4":0},"f":{"0":0,"1":0,"2":0},"b":{}}
,"/Users/danilosilva/projects/pixelstoken/src/navigation/constants.ts": {"path":"/Users/danilosilva/projects/pixelstoken/src/navigation/constants.ts","statementMap":{"0":{"start":{"line":1,"column":29},"end":{"line":1,"column":31}}},"fnMap":{},"branchMap":{},"s":{"0":0},"f":{},"b":{}}
,"/Users/danilosilva/projects/pixelstoken/src/providers/index.tsx": {"path":"/Users/danilosilva/projects/pixelstoken/src/providers/index.tsx","statementMap":{"0":{"start":{"line":7,"column":25},"end":{"line":13,"column":1}},"1":{"start":{"line":8,"column":2},"end":{"line":12,"column":4}}},"fnMap":{"0":{"name":"(anonymous_0)","decl":{"start":{"line":7,"column":25},"end":{"line":7,"column":26}},"loc":{"start":{"line":7,"column":74},"end":{"line":13,"column":1}},"line":7}},"branchMap":{},"s":{"0":0,"1":0},"f":{"0":0},"b":{}}
,"/Users/danilosilva/projects/pixelstoken/src/store/index.ts": {"path":"/Users/danilosilva/projects/pixelstoken/src/store/index.ts","statementMap":{},"fnMap":{},"branchMap":{},"s":{},"f":{},"b":{}}
,"/Users/danilosilva/projects/pixelstoken/src/store/useCart/index.ts": {"path":"/Users/danilosilva/projects/pixelstoken/src/store/useCart/index.ts","statementMap":{"0":{"start":{"line":12,"column":28},"end":{"line":38,"column":3}},"1":{"start":{"line":12,"column":56},"end":{"line":38,"column":1}},"2":{"start":{"line":17,"column":4},"end":{"line":28,"column":6}},"3":{"start":{"line":18,"column":28},"end":{"line":18,"column":94}},"4":{"start":{"line":18,"column":61},"end":{"line":18,"column":93}},"5":{"start":{"line":20,"column":6},"end":{"line":26,"column":7}},"6":{"start":{"line":21,"column":28},"end":{"line":21,"column":59}},"7":{"start":{"line":22,"column":8},"end":{"line":25,"column":10}},"8":{"start":{"line":27,"column":6},"end":{"line":27,"column":19}},"9":{"start":{"line":31,"column":4},"end":{"line":37,"column":6}},"10":{"start":{"line":32,"column":26},"end":{"line":32,"column":90}},"11":{"start":{"line":32,"column":61},"end":{"line":32,"column":89}},"12":{"start":{"line":33,"column":6},"end":{"line":36,"column":8}}},"fnMap":{"0":{"name":"(anonymous_0)","decl":{"start":{"line":12,"column":46},"end":{"line":12,"column":47}},"loc":{"start":{"line":12,"column":56},"end":{"line":38,"column":1}},"line":12},"1":{"name":"(anonymous_1)","decl":{"start":{"line":16,"column":14},"end":{"line":16,"column":15}},"loc":{"start":{"line":17,"column":4},"end":{"line":28,"column":6}},"line":17},"2":{"name":"(anonymous_2)","decl":{"start":{"line":17,"column":8},"end":{"line":17,"column":9}},"loc":{"start":{"line":17,"column":19},"end":{"line":28,"column":5}},"line":17},"3":{"name":"(anonymous_3)","decl":{"start":{"line":18,"column":48},"end":{"line":18,"column":49}},"loc":{"start":{"line":18,"column":61},"end":{"line":18,"column":93}},"line":18},"4":{"name":"(anonymous_4)","decl":{"start":{"line":30,"column":17},"end":{"line":30,"column":18}},"loc":{"start":{"line":31,"column":4},"end":{"line":37,"column":6}},"line":31},"5":{"name":"(anonymous_5)","decl":{"start":{"line":31,"column":8},"end":{"line":31,"column":9}},"loc":{"start":{"line":31,"column":19},"end":{"line":37,"column":5}},"line":31},"6":{"name":"(anonymous_6)","decl":{"start":{"line":32,"column":48},"end":{"line":32,"column":49}},"loc":{"start":{"line":32,"column":61},"end":{"line":32,"column":89}},"line":32}},"branchMap":{"0":{"loc":{"start":{"line":20,"column":6},"end":{"line":26,"column":7}},"type":"if","locations":[{"start":{"line":20,"column":6},"end":{"line":26,"column":7}},{"start":{},"end":{}}],"line":20}},"s":{"0":0,"1":0,"2":0,"3":0,"4":0,"5":0,"6":0,"7":0,"8":0,"9":0,"10":0,"11":0,"12":0},"f":{"0":0,"1":0,"2":0,"3":0,"4":0,"5":0,"6":0},"b":{"0":[0,0]}}
,"/Users/danilosilva/projects/pixelstoken/src/store/useSheetBuyProduct/index.ts": {"path":"/Users/danilosilva/projects/pixelstoken/src/store/useSheetBuyProduct/index.ts","statementMap":{"0":{"start":{"line":12,"column":39},"end":{"line":27,"column":3}},"1":{"start":{"line":12,"column":78},"end":{"line":27,"column":1}},"2":{"start":{"line":17,"column":4},"end":{"line":24,"column":6}},"3":{"start":{"line":18,"column":23},"end":{"line":18,"column":72}},"4":{"start":{"line":20,"column":6},"end":{"line":22,"column":7}},"5":{"start":{"line":21,"column":8},"end":{"line":21,"column":44}},"6":{"start":{"line":23,"column":6},"end":{"line":23,"column":22}},"7":{"start":{"line":26,"column":37},"end":{"line":26,"column":53}}},"fnMap":{"0":{"name":"(anonymous_0)","decl":{"start":{"line":12,"column":68},"end":{"line":12,"column":69}},"loc":{"start":{"line":12,"column":78},"end":{"line":27,"column":1}},"line":12},"1":{"name":"(anonymous_1)","decl":{"start":{"line":16,"column":16},"end":{"line":16,"column":17}},"loc":{"start":{"line":17,"column":4},"end":{"line":24,"column":6}},"line":17},"2":{"name":"(anonymous_2)","decl":{"start":{"line":17,"column":8},"end":{"line":17,"column":9}},"loc":{"start":{"line":17,"column":19},"end":{"line":24,"column":5}},"line":17},"3":{"name":"(anonymous_3)","decl":{"start":{"line":26,"column":14},"end":{"line":26,"column":15}},"loc":{"start":{"line":26,"column":37},"end":{"line":26,"column":53}},"line":26}},"branchMap":{"0":{"loc":{"start":{"line":20,"column":6},"end":{"line":22,"column":7}},"type":"if","locations":[{"start":{"line":20,"column":6},"end":{"line":22,"column":7}},{"start":{},"end":{}}],"line":20}},"s":{"0":0,"1":0,"2":0,"3":0,"4":0,"5":0,"6":0,"7":0},"f":{"0":0,"1":0,"2":0,"3":0},"b":{"0":[0,0]}}
,"/Users/danilosilva/projects/pixelstoken/src/theme/tamagui.config.ts": {"path":"/Users/danilosilva/projects/pixelstoken/src/theme/tamagui.config.ts","statementMap":{"0":{"start":{"line":8,"column":19},"end":{"line":26,"column":2}},"1":{"start":{"line":28,"column":21},"end":{"line":41,"column":2}},"2":{"start":{"line":43,"column":20},"end":{"line":43,"column":37}},"3":{"start":{"line":44,"column":17},"end":{"line":44,"column":34}},"4":{"start":{"line":46,"column":15},"end":{"line":78,"column":2}}},"fnMap":{},"branchMap":{},"s":{"0":0,"1":0,"2":0,"3":0,"4":0},"f":{},"b":{}}
,"/Users/danilosilva/projects/pixelstoken/src/utils/formatters.ts": {"path":"/Users/danilosilva/projects/pixelstoken/src/utils/formatters.ts","statementMap":{"0":{"start":{"line":1,"column":30},"end":{"line":8,"column":1}},"1":{"start":{"line":2,"column":20},"end":{"line":5,"column":4}},"2":{"start":{"line":7,"column":2},"end":{"line":7,"column":34}}},"fnMap":{"0":{"name":"(anonymous_0)","decl":{"start":{"line":1,"column":30},"end":{"line":1,"column":31}},"loc":{"start":{"line":1,"column":58},"end":{"line":8,"column":1}},"line":1}},"branchMap":{},"s":{"0":0,"1":0,"2":0},"f":{"0":0},"b":{}}
,"/Users/danilosilva/projects/pixelstoken/src/utils/index.ts": {"path":"/Users/danilosilva/projects/pixelstoken/src/utils/index.ts","statementMap":{},"fnMap":{},"branchMap":{},"s":{},"f":{},"b":{}}
}
